d:\yuankong\studyproject\remotectrl\remotectrl\debug\remotectrl.pch
d:\yuankong\studyproject\remotectrl\remotectrl\debug\vc143.pdb
d:\yuankong\studyproject\remotectrl\remotectrl\debug\vc143.idb
d:\yuankong\studyproject\remotectrl\remotectrl\debug\pch.obj
d:\yuankong\studyproject\remotectrl\remotectrl\debug\serversocket.obj
d:\yuankong\studyproject\remotectrl\remotectrl\debug\remotectrl.obj
d:\yuankong\studyproject\remotectrl\remotectrl\debug\lockdialog.obj
d:\yuankong\studyproject\remotectrl\debug\remotectrl.exe
d:\yuankong\studyproject\remotectrl\remotectrl\debug\remotectrl.ilk
d:\yuankong\studyproject\remotectrl\debug\remotectrl.pdb
d:\yuankong\studyproject\remotectrl\remotectrl\debug\remotectrl.res
d:\yuankong\studyproject\remotectrl\remotectrl\debug\command.obj
d:\yuankong\studyproject\remotectrl\remotectrl\debug\edoyuntool.obj
d:\yuankong\studyproject\remotectrl\remotectrl\debug\remotectrl.tlog\cl.command.1.tlog
d:\yuankong\studyproject\remotectrl\remotectrl\debug\remotectrl.tlog\cl.read.1.tlog
d:\yuankong\studyproject\remotectrl\remotectrl\debug\remotectrl.tlog\cl.write.1.tlog
d:\yuankong\studyproject\remotectrl\remotectrl\debug\remotectrl.tlog\link.command.1.tlog
d:\yuankong\studyproject\remotectrl\remotectrl\debug\remotectrl.tlog\link.read.1.tlog
d:\yuankong\studyproject\remotectrl\remotectrl\debug\remotectrl.tlog\link.write.1.tlog
d:\yuankong\studyproject\remotectrl\remotectrl\debug\remotectrl.tlog\rc.command.1.tlog
d:\yuankong\studyproject\remotectrl\remotectrl\debug\remotectrl.tlog\rc.read.1.tlog
d:\yuankong\studyproject\remotectrl\remotectrl\debug\remotectrl.tlog\rc.write.1.tlog
